<?xml version="1.0" encoding="UTF-8"?>
<!-- Generated by org.testng.reporters.JUnitReportReporter -->
<testsuite hostname="LAPTOP-SBMFI0I6" failures="0" tests="1" name="com.tests.SampleTest" time="3.504" errors="0" timestamp="31 Oct 2021 15:55:33 GMT" skipped="0">
  <testcase classname="com.tests.SampleTest" name="openLinkInNewTab" time="3.504"/>
</testsuite> <!-- com.tests.SampleTest -->
