<?xml version="1.0" encoding="UTF-8"?>
<!-- Generated by org.testng.reporters.JUnitReportReporter -->
<testsuite hostname="LAPTOP-SBMFI0I6" failures="0" tests="20" name="com.newtours.tests.BookFlightTest" time="44.719" errors="0" timestamp="31 Oct 2021 15:56:50 GMT" skipped="0">
  <testcase classname="com.newtours.tests.BookFlightTest" name="findFlightPage" time="0.202"/>
  <testcase classname="com.newtours.tests.BookFlightTest" name="registrationPage" time="7.761"/>
  <testcase classname="com.newtours.tests.BookFlightTest" name="flightConfirmationPage" time="0.159"/>
  <testcase classname="com.newtours.tests.BookFlightTest" name="flightDetailsPage" time="1.364"/>
  <testcase classname="com.newtours.tests.BookFlightTest" name="registrationPage" time="11.603"/>
  <testcase classname="com.newtours.tests.BookFlightTest" name="flightConfirmationPage" time="0.226"/>
  <testcase classname="com.newtours.tests.BookFlightTest" name="findFlightPage" time="0.189"/>
  <testcase classname="com.newtours.tests.BookFlightTest" name="flightDetailsPage" time="1.251"/>
  <testcase classname="com.newtours.tests.BookFlightTest" name="flightDetailsPage" time="1.290"/>
  <testcase classname="com.newtours.tests.BookFlightTest" name="registrationConfirmationPage" time="0.101"/>
  <testcase classname="com.newtours.tests.BookFlightTest" name="registrationPage" time="9.063"/>
  <testcase classname="com.newtours.tests.BookFlightTest" name="findFlightPage" time="0.274"/>
  <testcase classname="com.newtours.tests.BookFlightTest" name="flightDetailsPage" time="1.252"/>
  <testcase classname="com.newtours.tests.BookFlightTest" name="flightConfirmationPage" time="0.154"/>
  <testcase classname="com.newtours.tests.BookFlightTest" name="registrationConfirmationPage" time="0.173"/>
  <testcase classname="com.newtours.tests.BookFlightTest" name="registrationConfirmationPage" time="0.098"/>
  <testcase classname="com.newtours.tests.BookFlightTest" name="registrationPage" time="9.103"/>
  <testcase classname="com.newtours.tests.BookFlightTest" name="registrationConfirmationPage" time="0.110"/>
  <testcase classname="com.newtours.tests.BookFlightTest" name="findFlightPage" time="0.187"/>
  <testcase classname="com.newtours.tests.BookFlightTest" name="flightConfirmationPage" time="0.159"/>
</testsuite> <!-- com.newtours.tests.BookFlightTest -->
