<?xml version="1.0" encoding="UTF-8"?>
<!-- Generated by org.testng.reporters.JUnitReportReporter -->
<testsuite hostname="LAPTOP-SBMFI0I6" failures="0" tests="1" name="com.tests.SampleTest" time="0.000" errors="0" timestamp="2021-11-03T16:58:26 IST" skipped="1">
  <testcase classname="com.tests.SampleTest" name="openLinkInNewTab" time="0.000">
    <skipped/>
  </testcase> <!-- openLinkInNewTab -->
  <system-out/>
</testsuite> <!-- com.tests.SampleTest -->
